2023.05.12 17:15:05 INFO  Started: Metals version 0.11.12 in workspace '/Users/andrea/Desktop/bmth302/project' for client Visual Studio Code 1.78.0.
May 12, 2023 5:15:05 PM org.flywaydb.core.internal.license.VersionPrinter printVersionOnly
INFO: Flyway Community Edition 9.16.3 by Redgate
May 12, 2023 5:15:05 PM org.flywaydb.core.internal.license.VersionPrinter printVersion
INFO: See release notes here: https://rd.gt/416ObMi
May 12, 2023 5:15:05 PM org.flywaydb.core.internal.license.VersionPrinter printVersion
INFO: 
May 12, 2023 5:15:05 PM org.flywaydb.core.internal.database.base.BaseDatabaseType createDatabase
INFO: Database: jdbc:h2:file:/Users/andrea/Desktop/bmth302/project/.metals/metals (H2 2.1)
May 12, 2023 5:15:05 PM org.flywaydb.core.internal.schemahistory.JdbcTableSchemaHistory allAppliedMigrations
INFO: Schema history table "PUBLIC"."flyway_schema_history" does not exist yet
May 12, 2023 5:15:05 PM org.flywaydb.core.internal.command.DbValidate validate
INFO: Successfully validated 4 migrations (execution time 00:00.017s)
May 12, 2023 5:15:05 PM org.flywaydb.core.internal.schemahistory.JdbcTableSchemaHistory create
INFO: Creating Schema History table "PUBLIC"."flyway_schema_history" ...
May 12, 2023 5:15:05 PM org.flywaydb.core.internal.command.DbMigrate migrateGroup
INFO: Current version of schema "PUBLIC": << Empty Schema >>
May 12, 2023 5:15:05 PM org.flywaydb.core.internal.command.DbMigrate doMigrateGroup
INFO: Migrating schema "PUBLIC" to version "1 - Create tables"
May 12, 2023 5:15:05 PM org.flywaydb.core.internal.command.DbMigrate doMigrateGroup
INFO: Migrating schema "PUBLIC" to version "2 - Server discovery"
May 12, 2023 5:15:05 PM org.flywaydb.core.internal.command.DbMigrate doMigrateGroup
INFO: Migrating schema "PUBLIC" to version "3 - Jar symbols"
May 12, 2023 5:15:05 PM org.flywaydb.core.internal.command.DbMigrate doMigrateGroup
INFO: Migrating schema "PUBLIC" to version "4 - Fingerprints"
May 12, 2023 5:15:05 PM org.flywaydb.core.internal.command.DbMigrate logSummary
INFO: Successfully applied 4 migrations to schema "PUBLIC", now at version v4 (execution time 00:00.044s)
2023.05.12 17:15:05 INFO  time: initialize in 0.59s
2023.05.12 17:15:07 WARN  Build server is not auto-connectable.
2023.05.12 17:15:07 WARN  no build tool detected in workspace '/Users/andrea/Desktop/bmth302/project'. The most common cause for this problem is that the editor was opened in the wrong working directory, for example if you use sbt then the workspace directory should contain build.sbt. 
2023.05.13 12:38:08 INFO  Shutting down server
2023.05.13 12:38:08 INFO  shutting down Metals
